> Task :compileJava UP-TO-DATE
> Task :processResources UP-TO-DATE
> Task :classes UP-TO-DATE
> Task :resolveMainClassName UP-TO-DATE

> Task :bootRun

  .   ____          _            __ _ _
 /\\ / ___'_ __ _ _(_)_ __  __ _ \ \ \ \
( ( )\___ | '_ | '_| | '_ \/ _` | \ \ \ \
 \\/  ___)| |_)| | | | | || (_| |  ) ) ) )
  '  |____| .__|_| |_|_| |_\__, | / / / /
 =========|_|==============|___/=/_/_/_/

 :: Spring Boot ::                (v4.0.5)

2026-05-11T15:50:10.999+09:00  INFO 17060 --- [           main] c.example.dropshop.DropshopApplication   : Starting DropshopApplication using Java 17.0.12 with PID 17060 (C:\Users\kangd\javasc\dropshop\build\classes\java\main started by kangd in C:\Users\kangd\javasc\dropshop)
2026-05-11T15:50:11.006+09:00  INFO 17060 --- [           main] c.example.dropshop.DropshopApplication   : No active profile set, falling back to 1 default profile: "default"
2026-05-11T15:50:13.982+09:00  INFO 17060 --- [           main] .s.d.r.c.RepositoryConfigurationDelegate : Multiple Spring Data modules found, entering strict repository configuration mode
2026-05-11T15:50:13.984+09:00  INFO 17060 --- [           main] .s.d.r.c.RepositoryConfigurationDelegate : Bootstrapping Spring Data JPA repositories in DEFAULT mode.
2026-05-11T15:50:14.629+09:00  INFO 17060 --- [           main] .s.d.r.c.RepositoryConfigurationDelegate : Finished Spring Data repository scanning in 629 ms. Found 18 JPA repository interfaces.
2026-05-11T15:50:14.661+09:00  INFO 17060 --- [           main] .s.d.r.c.RepositoryConfigurationDelegate : Multiple Spring Data modules found, entering strict repository configuration mode
2026-05-11T15:50:14.663+09:00  INFO 17060 --- [           main] .s.d.r.c.RepositoryConfigurationDelegate : Bootstrapping Spring Data Redis repositories in DEFAULT mode.
2026-05-11T15:50:14.793+09:00  INFO 17060 --- [           main] .RepositoryConfigurationExtensionSupport : Spring Data Redis - Could not safely identify store assignment for repository candidate interface com.example.dropshop.domain.auth.repository.RefreshTokenRepository; If you want this repository to be a Redis repository, consider annotating your entities with one of these annotations: org.springframework.data.redis.core.RedisHash (preferred), or consider extending one of the following types with your repository: org.springframework.data.keyvalue.repository.KeyValueRepository
2026-05-11T15:50:14.796+09:00  INFO 17060 --- [           main] .RepositoryConfigurationExtensionSupport : Spring Data Redis - Could not safely identify store assignment for repository candidate interface com.example.dropshop.domain.dashboard.repository.SellerDashboardDailyRepository; If you want this repository to be a Redis repository, consider annotating your entities with one of these annotations: org.springframework.data.redis.core.RedisHash (preferred), or consider extending one of the following types with your repository: org.springframework.data.keyvalue.repository.KeyValueRepository
2026-05-11T15:50:14.796+09:00  INFO 17060 --- [           main] .RepositoryConfigurationExtensionSupport : Spring Data Redis - Could not safely identify store assignment for repository candidate interface com.example.dropshop.domain.drops.repository.DropsRepository; If you want this repository to be a Redis repository, consider annotating your entities with one of these annotations: org.springframework.data.redis.core.RedisHash (preferred), or consider extending one of the following types with your repository: org.springframework.data.keyvalue.repository.KeyValueRepository
2026-05-11T15:50:14.798+09:00  INFO 17060 --- [           main] .RepositoryConfigurationExtensionSupport : Spring Data Redis - Could not safely identify store assignment for repository candidate interface com.example.dropshop.domain.notification.repository.NotificationRepository; If you want this repository to be a Redis repository, consider annotating your entities with one of these annotations: org.springframework.data.redis.core.RedisHash (preferred), or consider extending one of the following types with your repository: org.springframework.data.keyvalue.repository.KeyValueRepository
2026-05-11T15:50:14.800+09:00  INFO 17060 --- [           main] .RepositoryConfigurationExtensionSupport : Spring Data Redis - Could not safely identify store assignment for repository candidate interface com.example.dropshop.domain.notification.repository.NotificationSettingRepository; If you want this repository to be a Redis repository, consider annotating your entities with one of these annotations: org.springframework.data.redis.core.RedisHash (preferred), or consider extending one of the following types with your repository: org.springframework.data.keyvalue.repository.KeyValueRepository
2026-05-11T15:50:14.800+09:00  INFO 17060 --- [           main] .RepositoryConfigurationExtensionSupport : Spring Data Redis - Could not safely identify store assignment for repository candidate interface com.example.dropshop.domain.order.repository.OrderItemRepository; If you want this repository to be a Redis repository, consider annotating your entities with one of these annotations: org.springframework.data.redis.core.RedisHash (preferred), or consider extending one of the following types with your repository: org.springframework.data.keyvalue.repository.KeyValueRepository
2026-05-11T15:50:14.800+09:00  INFO 17060 --- [           main] .RepositoryConfigurationExtensionSupport : Spring Data Redis - Could not safely identify store assignment for repository candidate interface com.example.dropshop.domain.order.repository.OrderRepository; If you want this repository to be a Redis repository, consider annotating your entities with one of these annotations: org.springframework.data.redis.core.RedisHash (preferred), or consider extending one of the following types with your repository: org.springframework.data.keyvalue.repository.KeyValueRepository
2026-05-11T15:50:14.801+09:00  INFO 17060 --- [           main] .RepositoryConfigurationExtensionSupport : Spring Data Redis - Could not safely identify store assignment for repository candidate interface com.example.dropshop.domain.payment.outbox.PaymentOutboxRepository; If you want this repository to be a Redis repository, consider annotating your entities with one of these annotations: org.springframework.data.redis.core.RedisHash (preferred), or consider extending one of the following types with your repository: org.springframework.data.keyvalue.repository.KeyValueRepository
2026-05-11T15:50:14.801+09:00  INFO 17060 --- [           main] .RepositoryConfigurationExtensionSupport : Spring Data Redis - Could not safely identify store assignment for repository candidate interface com.example.dropshop.domain.payment.repository.PaymentRepository; If you want this repository to be a Redis repository, consider annotating your entities with one of these annotations: org.springframework.data.redis.core.RedisHash (preferred), or consider extending one of the following types with your repository: org.springframework.data.keyvalue.repository.KeyValueRepository
2026-05-11T15:50:14.802+09:00  INFO 17060 --- [           main] .RepositoryConfigurationExtensionSupport : Spring Data Redis - Could not safely identify store assignment for repository candidate interface com.example.dropshop.domain.product.common.repository.ProductPolicyRepository; If you want this repository to be a Redis repository, consider annotating your entities with one of these annotations: org.springframework.data.redis.core.RedisHash (preferred), or consider extending one of the following types with your repository: org.springframework.data.keyvalue.repository.KeyValueRepository
2026-05-11T15:50:14.802+09:00  INFO 17060 --- [           main] .RepositoryConfigurationExtensionSupport : Spring Data Redis - Could not safely identify store assignment for repository candidate interface com.example.dropshop.domain.product.repository.ProductRepository; If you want this repository to be a Redis repository, consider annotating your entities with one of these annotations: org.springframework.data.redis.core.RedisHash (preferred), or consider extending one of the following types with your repository: org.springframework.data.keyvalue.repository.KeyValueRepository
2026-05-11T15:50:14.803+09:00  INFO 17060 --- [           main] .RepositoryConfigurationExtensionSupport : Spring Data Redis - Could not safely identify store assignment for repository candidate interface com.example.dropshop.domain.queue.repository.QueueRepository; If you want this repository to be a Redis repository, consider annotating your entities with one of these annotations: org.springframework.data.redis.core.RedisHash (preferred), or consider extending one of the following types with your repository: org.springframework.data.keyvalue.repository.KeyValueRepository
2026-05-11T15:50:14.803+09:00  INFO 17060 --- [           main] .RepositoryConfigurationExtensionSupport : Spring Data Redis - Could not safely identify store assignment for repository candidate interface com.example.dropshop.domain.queue.repository.QueueTokenRepository; If you want this repository to be a Redis repository, consider annotating your entities with one of these annotations: org.springframework.data.redis.core.RedisHash (preferred), or consider extending one of the following types with your repository: org.springframework.data.keyvalue.repository.KeyValueRepository
2026-05-11T15:50:14.803+09:00  INFO 17060 --- [           main] .RepositoryConfigurationExtensionSupport : Spring Data Redis - Could not safely identify store assignment for repository candidate interface com.example.dropshop.domain.refund.repository.RefundRepository; If you want this repository to be a Redis repository, consider annotating your entities with one of these annotations: org.springframework.data.redis.core.RedisHash (preferred), or consider extending one of the following types with your repository: org.springframework.data.keyvalue.repository.KeyValueRepository
2026-05-11T15:50:14.803+09:00  INFO 17060 --- [           main] .RepositoryConfigurationExtensionSupport : Spring Data Redis - Could not safely identify store assignment for repository candidate interface com.example.dropshop.domain.seller.repository.SellerRepository; If you want this repository to be a Redis repository, consider annotating your entities with one of these annotations: org.springframework.data.redis.core.RedisHash (preferred), or consider extending one of the following types with your repository: org.springframework.data.keyvalue.repository.KeyValueRepository
2026-05-11T15:50:14.804+09:00  INFO 17060 --- [           main] .RepositoryConfigurationExtensionSupport : Spring Data Redis - Could not safely identify store assignment for repository candidate interface com.example.dropshop.domain.terms.repository.TermsRepository; If you want this repository to be a Redis repository, consider annotating your entities with one of these annotations: org.springframework.data.redis.core.RedisHash (preferred), or consider extending one of the following types with your repository: org.springframework.data.keyvalue.repository.KeyValueRepository
2026-05-11T15:50:14.805+09:00  INFO 17060 --- [           main] .RepositoryConfigurationExtensionSupport : Spring Data Redis - Could not safely identify store assignment for repository candidate interface com.example.dropshop.domain.user.repository.UserRepository; If you want this repository to be a Redis repository, consider annotating your entities with one of these annotations: org.springframework.data.redis.core.RedisHash (preferred), or consider extending one of the following types with your repository: org.springframework.data.keyvalue.repository.KeyValueRepository
2026-05-11T15:50:14.805+09:00  INFO 17060 --- [           main] .RepositoryConfigurationExtensionSupport : Spring Data Redis - Could not safely identify store assignment for repository candidate interface com.example.dropshop.domain.wishlist.repository.WishlistRepository; If you want this repository to be a Redis repository, consider annotating your entities with one of these annotations: org.springframework.data.redis.core.RedisHash (preferred), or consider extending one of the following types with your repository: org.springframework.data.keyvalue.repository.KeyValueRepository
2026-05-11T15:50:14.805+09:00  INFO 17060 --- [           main] .s.d.r.c.RepositoryConfigurationDelegate : Finished Spring Data repository scanning in 124 ms. Found 0 Redis repository interfaces.
2026-05-11T15:50:16.773+09:00  INFO 17060 --- [           main] o.s.boot.tomcat.TomcatWebServer          : Tomcat initialized with port 8080 (http)
2026-05-11T15:50:16.802+09:00  INFO 17060 --- [           main] o.apache.catalina.core.StandardService   : Starting service [Tomcat]
2026-05-11T15:50:16.802+09:00  INFO 17060 --- [           main] o.apache.catalina.core.StandardEngine    : Starting Servlet engine: [Apache Tomcat/11.0.20]
2026-05-11T15:50:16.949+09:00  INFO 17060 --- [           main] b.w.c.s.WebApplicationContextInitializer : Root WebApplicationContext: initialization completed in 5832 ms
2026-05-11T15:50:17.344+09:00  INFO 17060 --- [           main] com.zaxxer.hikari.HikariDataSource       : HikariPool-1 - Starting...
2026-05-11T15:50:17.790+09:00  INFO 17060 --- [           main] com.zaxxer.hikari.pool.HikariPool        : HikariPool-1 - Added connection com.mysql.cj.jdbc.ConnectionImpl@4d79d187
2026-05-11T15:50:17.793+09:00  INFO 17060 --- [           main] com.zaxxer.hikari.HikariDataSource       : HikariPool-1 - Start completed.
2026-05-11T15:50:18.123+09:00  INFO 17060 --- [           main] org.hibernate.orm.jpa                    : HHH008540: Processing PersistenceUnitInfo [name: default]
2026-05-11T15:50:18.299+09:00  INFO 17060 --- [           main] org.hibernate.orm.core                   : HHH000001: Hibernate ORM core version 7.2.7.Final
2026-05-11T15:50:19.971+09:00  INFO 17060 --- [           main] o.s.o.j.p.SpringPersistenceUnitInfo      : No LoadTimeWeaver setup: ignoring JPA class transformer
2026-05-11T15:50:20.170+09:00  WARN 17060 --- [           main] org.hibernate.orm.deprecation            : HHH90000025: MySQLDialect does not need to be specified explicitly using 'hibernate.dialect' (remove the property setting and it will be selected by default)
2026-05-11T15:50:20.210+09:00  INFO 17060 --- [           main] org.hibernate.orm.connections.pooling    : HHH10001005: Database info:
	Database JDBC URL [jdbc:mysql://localhost:3306/dropshop?serverTimezone=Asia/Seoul&characterEncoding=UTF-8]
	Database driver: MySQL Connector/J
	Database dialect: MySQLDialect
	Database version: 8.4.7
	Default catalog/schema: dropshop/undefined
	Autocommit mode: undefined/unknown
	Isolation level: REPEATABLE_READ [default REPEATABLE_READ]
	JDBC fetch size: none
	Pool: DataSourceConnectionProvider
	Minimum pool size: undefined/unknown
	Maximum pool size: undefined/unknown
2026-05-11T15:50:24.153+09:00  INFO 17060 --- [           main] org.hibernate.orm.core                   : HHH000489: No JTA platform available (set 'hibernate.transaction.jta.platform' to enable JTA platform integration)
Hibernate: 
    alter table drops 
       drop 
       foreign key FK5fijulf0obt0d6wdvo34c3wcm
Hibernate: 
    alter table order_items 
       drop 
       foreign key FKbioxgbv59vetrxe0ejfubep1w
Hibernate: 
    alter table product_images 
       drop 
       foreign key FKqnq71xsohugpqwf3c9gxmsuy
Hibernate: 
    alter table queue_token 
       drop 
       foreign key FKooe405utn2stxr194hywx2rqg
Hibernate: 
    alter table seller 
       drop 
       foreign key FK614u1eblpnxmrxd25efo29qhr
Hibernate: 
    drop table if exists drops
Hibernate: 
    drop table if exists notification_settings
Hibernate: 
    drop table if exists notifications
Hibernate: 
    drop table if exists order_items
Hibernate: 
    drop table if exists orders
Hibernate: 
    drop table if exists payment_outbox
Hibernate: 
    drop table if exists payments
Hibernate: 
    drop table if exists product_images
Hibernate: 
    drop table if exists product_policies
Hibernate: 
    drop table if exists products
Hibernate: 
    drop table if exists queues
Hibernate: 
    drop table if exists queue_token
Hibernate: 
    drop table if exists refresh_token
Hibernate: 
    drop table if exists refunds
Hibernate: 
    drop table if exists seller
Hibernate: 
    drop table if exists seller_dashboard_daily
Hibernate: 
    drop table if exists terms
Hibernate: 
    drop table if exists users
Hibernate: 
    drop table if exists wishlists
Hibernate: 
    create table drops (
        use_queue bit not null,
        created_at datetime(6),
        end_at datetime(6) not null,
        id bigint not null auto_increment,
        modified_at datetime(6),
        product_id bigint not null,
        purchase_limit bigint not null,
        remain_stock bigint not null,
        start_at datetime(6) not null,
        total_stock bigint not null,
        version bigint,
        view_count bigint not null,
        status enum ('ACTIVE','FINISHED','SCHEDULED') not null,
        primary key (id)
    ) engine=InnoDB
Hibernate: 
    create table notification_settings (
        is_drop_enabled bit not null,
        is_order_enabled bit not null,
        is_review_enabled bit not null,
        is_stock_enabled bit not null,
        created_at datetime(6),
        id bigint not null auto_increment,
        modified_at datetime(6),
        seller_id bigint,
        user_id bigint,
        primary key (id)
    ) engine=InnoDB
Hibernate: 
    create table notifications (
        created_at datetime(6),
        id bigint not null auto_increment,
        product_id bigint,
        read_at datetime(6),
        user_id bigint not null,
        message varchar(255) not null,
        status enum ('READ','UNREAD') not null,
        type enum ('DROP_IMPENDING','FORCE_LOGOUT','ORDER_ADD','ORDER_CANCELLED','ORDER_REFUNDED','PURCHASE_FAIL','PURCHASE_SUCCESS','REVIEW_ADD','STOCK_EMPTY') not null,
        primary key (id)
    ) engine=InnoDB
Hibernate: 
    create table order_items (
        discount_amount_snapshot decimal(38,2) not null,
        price_snapshot decimal(38,2) not null,
        quantity integer not null,
        sale_price_snapshot decimal(38,2) not null,
        created_at datetime(6),
        id bigint not null auto_increment,
        modified_at datetime(6),
        order_id bigint not null,
        product_id bigint not null,
        thumbnail_url_snapshot varchar(255) not null,
        primary key (id)
    ) engine=InnoDB
Hibernate: 
    create table orders (
        total_amount decimal(38,2) not null,
        created_at datetime(6),
        drop_id bigint not null,
        hold_expired_at datetime(6) not null,
        id bigint not null auto_increment,
        modified_at datetime(6),
        user_id bigint not null,
        order_number varchar(255) not null,
        status enum ('CANCELLED','PAID','PENDING','REFUNDED') not null,
        primary key (id)
    ) engine=InnoDB
Hibernate: 
    create table payment_outbox (
        attempts integer not null,
        created_at datetime(6),
        id bigint not null auto_increment,
        modified_at datetime(6),
        next_attempt_at datetime(6),
        message_key varchar(100) not null,
        topic varchar(100) not null,
        payload TEXT not null,
        status enum ('FAILED','PENDING','SENT') not null,
        primary key (id)
    ) engine=InnoDB
Hibernate: 
    create table payments (
        amount decimal(38,2) not null,
        created_at datetime(6),
        id bigint not null auto_increment,
        modified_at datetime(6),
        order_id bigint not null,
        paid_at datetime(6),
        merchant_payment_id varchar(100) not null,
        transaction_id varchar(255),
        payment_method enum ('CARD','TRANSFER') not null,
        status enum ('COMPLETED','FAILED','PENDING') not null,
        primary key (id)
    ) engine=InnoDB
Hibernate: 
    create table product_images (
        is_thumbnail bit not null,
        sort_order integer not null,
        created_at datetime(6),
        id bigint not null auto_increment,
        modified_at datetime(6),
        product_id bigint not null,
        image_url varchar(500) not null,
        primary key (id)
    ) engine=InnoDB
Hibernate: 
    create table product_policies (
        created_at datetime(6),
        id bigint not null auto_increment,
        modified_at datetime(6),
        content TEXT not null,
        policy_type enum ('DELIVERY','REFUND') not null,
        primary key (id)
    ) engine=InnoDB
Hibernate: 
    create table products (
        discount_amount decimal(10,2) not null,
        discount_rate integer not null,
        price decimal(10,2) not null,
        sale_price decimal(10,2) not null,
        stock integer not null,
        created_at datetime(6),
        id bigint not null auto_increment,
        modified_at datetime(6),
        seller_id bigint not null,
        version bigint,
        category varchar(100) not null,
        name varchar(100) not null,
        thumbnail_url varchar(500) not null,
        delivery_info TEXT not null,
        description TEXT not null,
        refund_policy TEXT not null,
        specification TEXT not null,
        status enum ('HIDDEN','ON_SALE','OUT_OF_STOCK','READY') not null,
        primary key (id)
    ) engine=InnoDB
Hibernate: 
    create table queues (
        allowed_at datetime(6),
        drop_id bigint not null,
        entered_at datetime(6),
        expired_at datetime(6),
        id bigint not null auto_increment,
        user_id bigint not null,
        status enum ('BLOCKED','ENTERED','EXPIRED','READY','WAITING') not null,
        primary key (id)
    ) engine=InnoDB
Hibernate: 
    create table queue_token (
        created_at datetime(6),
        id bigint not null auto_increment,
        queue_id bigint,
        queue_token varchar(255),
        primary key (id)
    ) engine=InnoDB
Hibernate: 
    create table refresh_token (
        id bigint not null auto_increment,
        email varchar(255) not null,
        hashed_token varchar(255) not null,
        primary key (id)
    ) engine=InnoDB
Hibernate: 
    create table refunds (
        refund_amount decimal(38,2) not null,
        approved_at datetime(6),
        completed_at datetime(6),
        created_at datetime(6),
        id bigint not null auto_increment,
        modified_at datetime(6),
        payment_id bigint not null,
        refund_reason varchar(255),
        status enum ('APPROVED','COMPLETED','FAILED','PENDING','PROCESSING','REJECTED') not null,
        primary key (id)
    ) engine=InnoDB
Hibernate: 
    create table seller (
        created_at datetime(6),
        id bigint not null auto_increment,
        modified_at datetime(6),
        user_id bigint not null,
        business_no varchar(10) not null,
        account_info varchar(255) not null,
        brand_logo varchar(255),
        brand_name varchar(255) not null,
        company_name varchar(255) not null,
        phone_number varchar(255) not null,
        representative_name varchar(255) not null,
        status enum ('APPROVED','PENDING','SUSPENDED') not null,
        primary key (id)
    ) engine=InnoDB
Hibernate: 
    create table seller_dashboard_daily (
        sales_amount decimal(18,2) not null,
        stat_date date not null,
        buyer_count bigint not null,
        created_at datetime(6),
        id bigint not null auto_increment,
        modified_at datetime(6),
        paid_order_count bigint not null,
        sales_quantity bigint not null,
        seller_id bigint not null,
        version bigint,
        primary key (id)
    ) engine=InnoDB
Hibernate: 
    create table terms (
        is_required bit not null,
        id bigint not null auto_increment,
        content TEXT not null,
        title varchar(255) not null,
        version varchar(255) not null,
        primary key (id)
    ) engine=InnoDB
Hibernate: 
    create table users (
        created_at datetime(6),
        deleted_at datetime(6),
        id bigint not null auto_increment,
        modified_at datetime(6),
        email varchar(255) not null,
        nickname varchar(255) not null,
        password varchar(255) not null,
        role enum ('ADMIN','SELLER','USER') not null,
        status enum ('ACTIVE','DELETED','SLEEP') not null,
        primary key (id)
    ) engine=InnoDB
Hibernate: 
    create table wishlists (
        created_at datetime(6),
        drop_id bigint not null,
        id bigint not null auto_increment,
        user_id bigint not null,
        primary key (id)
    ) engine=InnoDB
Hibernate: 
    create index idx_drops_product_id 
       on drops (product_id)
Hibernate: 
    create index idx_drops_product_created_at 
       on drops (product_id, created_at)
Hibernate: 
    create index idx_drops_status_start_at 
       on drops (status, start_at)
Hibernate: 
    create index idx_drops_status_end_at 
       on drops (status, end_at)
Hibernate: 
    create index idx_drops_status_remain_stock 
       on drops (status, remain_stock)
Hibernate: 
    create index idx_user_created 
       on notifications (user_id, created_at desc)
Hibernate: 
    create index idx_user_status_created 
       on notifications (user_id, status, created_at desc)
Hibernate: 
    create index idx_order_user_created 
       on orders (user_id, created_at desc)
Hibernate: 
    alter table orders 
       add constraint UKnthkiu7pgmnqnu86i2jyoe2v7 unique (order_number)
Hibernate: 
    alter table payments 
       add constraint UK8vo36cen604as7etdfwmyjsxt unique (order_id)
Hibernate: 
    alter table payments 
       add constraint UKfjol28c1vvh8m0i6ex3eaaa unique (merchant_payment_id)
Hibernate: 
    alter table product_policies 
       add constraint uk_product_policies_type unique (policy_type)
Hibernate: 
    create index idx_products_status_created 
       on products (status, created_at)
Hibernate: 
    create index idx_products_status_price 
       on products (status, sale_price)
Hibernate: 
    create index idx_products_seller_status 
       on products (seller_id, status)
Hibernate: 
    create index idx_drop_status_entered 
       on queues (drop_id, status, entered_at)
Hibernate: 
    alter table queues 
       add constraint uk_user_drop unique (user_id, drop_id)
Hibernate: 
    alter table queue_token 
       add constraint UKg6fajtys0kx1x1bnnn6fnu0pp unique (queue_id)
Hibernate: 
    alter table refresh_token 
       add constraint UK6t7skxndr9jtm3ckw71g75tfl unique (email)
Hibernate: 
    alter table seller 
       add constraint UKetfpl3vymasxfqc4ri4r3euf6 unique (user_id)
Hibernate: 
    alter table seller 
       add constraint UK3tcc0tmlkwd553lt7c9g9kti unique (business_no)
Hibernate: 
    create index idx_seller_dashboard_daily_seller_date 
       on seller_dashboard_daily (seller_id, stat_date)
Hibernate: 
    alter table seller_dashboard_daily 
       add constraint uk_seller_dashboard_daily_seller_date unique (seller_id, stat_date)
Hibernate: 
    alter table users 
       add constraint UK6dotkott2kjsp8vw4d0m25fb7 unique (email)
Hibernate: 
    create index idx_drop 
       on wishlists (drop_id)
Hibernate: 
    alter table wishlists 
       add constraint uk_user_drop unique (user_id, drop_id)
Hibernate: 
    alter table drops 
       add constraint FK5fijulf0obt0d6wdvo34c3wcm 
       foreign key (product_id) 
       references products (id)
Hibernate: 
    alter table order_items 
       add constraint FKbioxgbv59vetrxe0ejfubep1w 
       foreign key (order_id) 
       references orders (id)
Hibernate: 
    alter table product_images 
       add constraint FKqnq71xsohugpqwf3c9gxmsuy 
       foreign key (product_id) 
       references products (id)
Hibernate: 
    alter table queue_token 
       add constraint FKooe405utn2stxr194hywx2rqg 
       foreign key (queue_id) 
       references queues (id)
Hibernate: 
    alter table seller 
       add constraint FK614u1eblpnxmrxd25efo29qhr 
       foreign key (user_id) 
       references users (id)
2026-05-11T15:50:28.810+09:00  INFO 17060 --- [           main] j.LocalContainerEntityManagerFactoryBean : Initialized JPA EntityManagerFactory for persistence unit 'default'
2026-05-11T15:50:32.006+09:00  INFO 17060 --- [           main] o.s.d.j.r.query.QueryEnhancerFactories   : Hibernate is in classpath; If applicable, HQL parser will be used.
2026-05-11T15:50:40.730+09:00  WARN 17060 --- [           main] JpaBaseConfiguration$JpaWebConfiguration : spring.jpa.open-in-view is enabled by default. Therefore, database queries may be performed during view rendering. Explicitly configure spring.jpa.open-in-view to disable this warning
2026-05-11T15:50:41.176+09:00  WARN 17060 --- [           main] .s.a.UserDetailsServiceAutoConfiguration : 

Using generated security password: 955dc474-29ae-4ce1-a4fd-067e7825d312

This generated password is for development use only. Your security configuration must be updated before running your application in production.

2026-05-11T15:50:41.194+09:00  INFO 17060 --- [           main] r$InitializeUserDetailsManagerConfigurer : Global AuthenticationManager configured with UserDetailsService bean with name inMemoryUserDetailsManager
2026-05-11T15:50:43.208+09:00  INFO 17060 --- [           main] o.s.b.a.e.web.EndpointLinksResolver      : Exposing 1 endpoint beneath base path '/actuator'
2026-05-11T15:50:43.570+09:00  WARN 17060 --- [           main] ConfigServletWebServerApplicationContext : Exception encountered during context initialization - cancelling refresh attempt: org.springframework.context.ApplicationContextException: Failed to start bean 'webServerStartStop'
2026-05-11T15:50:43.690+09:00  INFO 17060 --- [           main] j.LocalContainerEntityManagerFactoryBean : Closing JPA EntityManagerFactory for persistence unit 'default'
2026-05-11T15:50:43.694+09:00  INFO 17060 --- [           main] com.zaxxer.hikari.HikariDataSource       : HikariPool-1 - Shutdown initiated...
2026-05-11T15:50:43.708+09:00  INFO 17060 --- [           main] com.zaxxer.hikari.HikariDataSource       : HikariPool-1 - Shutdown completed.
2026-05-11T15:50:43.733+09:00  INFO 17060 --- [           main] .s.b.a.l.ConditionEvaluationReportLogger : 

Error starting ApplicationContext. To display the condition evaluation report re-run your application with 'debug' enabled.
2026-05-11T15:50:43.766+09:00 ERROR 17060 --- [           main] o.s.b.d.LoggingFailureAnalysisReporter   : 

***************************
APPLICATION FAILED TO START
***************************

Description:

Web server failed to start. Port 8080 was already in use.

Action:

Identify and stop the process that's listening on port 8080 or configure this application to listen on another port.


> Task :bootRun FAILED

FAILURE: Build failed with an exception.

* What went wrong:
Execution failed for task ':bootRun'.
> Process 'command 'C:\Program Files\Java\jdk-17\bin\java.exe'' finished with non-zero exit value 1

* Try:
> Run with --stacktrace option to get the stack trace.
> Run with --info or --debug option to get more log output.
> Run with --scan to get full insights from a Build Scan (powered by Develocity).
> Get more help at https://help.gradle.org.

BUILD FAILED in 45s
4 actionable tasks: 1 executed, 3 up-to-date
